<?xml version="1.0" encoding="UTF-8"?>
<!-- Generated by org.testng.reporters.JUnitReportReporter -->
<testsuite hostname="kanchana" failures="0" tests="1" name="com.salesforce.testcases.LoginPageTest" time="15.013" errors="0" timestamp="2023-02-20T17:14:43 PST" skipped="0">
  <testcase classname="com.salesforce.testcases.LoginPageTest" name="LoginTest" time="15.013"/>
  <system-out/>
</testsuite> <!-- com.salesforce.testcases.LoginPageTest -->
